<?xml version="1.0" encoding="UTF-8"?>
<testng-results ignored="0" total="2" passed="1" failed="1" skipped="0">
  <reporter-output>
  </reporter-output>
  <suite started-at="2024-12-11T00:22:00 IST" name="Default suite" finished-at="2024-12-11T00:22:08 IST" duration-ms="8494">
    <groups>
      <group name="cucumber">
        <method signature="AbstractTestNGCucumberTests.runScenario(io.cucumber.testng.PickleWrapper,io.cucumber.testng.FeatureWrapper)[pri:0, instance:cucumberRunner.runnerclass@77f1baf5]" name="runScenario" class="io.cucumber.testng.AbstractTestNGCucumberTests"/>
      </group> <!-- cucumber -->
    </groups>
    <test started-at="2024-12-11T00:22:00 IST" name="Default test" finished-at="2024-12-11T00:22:08 IST" duration-ms="8494">
      <class name="cucumberRunner.runnerclass">
        <test-method is-config="true" signature="setUpClass(org.testng.ITestContext)[pri:0, instance:cucumberRunner.runnerclass@77f1baf5]" started-at="2024-12-11T00:22:00 IST" name="setUpClass" finished-at="2024-12-11T00:22:00 IST" duration-ms="161" status="PASS">
          <params>
            <param index="0">
              <value>
                <![CDATA[org.testng.TestRunner@cbc8d0f]]>
              </value>
            </param>
          </params>
          <reporter-output>
          </reporter-output>
        </test-method> <!-- setUpClass -->
        <test-method signature="runScenario(io.cucumber.testng.PickleWrapper,io.cucumber.testng.FeatureWrapper)[pri:0, instance:cucumberRunner.runnerclass@77f1baf5]" started-at="2024-12-11T00:22:00 IST" name="runScenario" description="Runs Cucumber Scenarios" data-provider="scenarios" finished-at="2024-12-11T00:22:04 IST" duration-ms="4395" status="PASS">
          <params>
            <param index="0">
              <value>
                <![CDATA["Search experience for product in both offer and product page"]]>
              </value>
            </param>
            <param index="1">
              <value>
                <![CDATA["Search and place order for any product in greenKart application"]]>
              </value>
            </param>
          </params>
          <reporter-output>
          </reporter-output>
        </test-method> <!-- runScenario -->
        <test-method signature="runScenario(io.cucumber.testng.PickleWrapper,io.cucumber.testng.FeatureWrapper)[pri:0, instance:cucumberRunner.runnerclass@77f1baf5]" started-at="2024-12-11T00:22:04 IST" name="runScenario" description="Runs Cucumber Scenarios" data-provider="scenarios" finished-at="2024-12-11T00:22:08 IST" duration-ms="3903" status="FAIL">
          <params>
            <param index="0">
              <value>
                <![CDATA["Search experience for product in both offer and product page"]]>
              </value>
            </param>
            <param index="1">
              <value>
                <![CDATA["Search and place order for any product in greenKart application"]]>
              </value>
            </param>
          </params>
          <exception class="java.lang.AssertionError">
            <message>
              <![CDATA[Both names are matching. expected [No data] but found [Beetroot]]]>
            </message>
            <full-stacktrace>
              <![CDATA[java.lang.AssertionError: Both names are matching. expected [No data] but found [Beetroot]
at org.testng.Assert.fail(Assert.java:111)
at org.testng.Assert.failNotEquals(Assert.java:1578)
at org.testng.Assert.assertEqualsImpl(Assert.java:150)
at org.testng.Assert.assertEquals(Assert.java:132)
at org.testng.Assert.assertEquals(Assert.java:656)
at Stepdefinations.offerPageStepDefination.user_searched_for_same_shortname_in_offer_page_to_check_if_product_exist(offerPageStepDefination.java:39)
at âœ½.User searched for same shortname Beet in offer page to check if product exist with same name(file:///E:/Automation/PMC/src/test/java/features/productsearch.feature:7)
]]>
            </full-stacktrace>
          </exception> <!-- java.lang.AssertionError -->
          <reporter-output>
          </reporter-output>
        </test-method> <!-- runScenario -->
        <test-method is-config="true" signature="tearDownClass()[pri:0, instance:cucumberRunner.runnerclass@77f1baf5]" started-at="2024-12-11T00:22:08 IST" name="tearDownClass" finished-at="2024-12-11T00:22:08 IST" duration-ms="2" status="PASS">
          <reporter-output>
          </reporter-output>
        </test-method> <!-- tearDownClass -->
      </class> <!-- cucumberRunner.runnerclass -->
    </test> <!-- Default test -->
  </suite> <!-- Default suite -->
</testng-results>
